[2025-02-28 16:10:07.430] [jointLog] [info] setting maxHashResizeThreads to 18
[2025-02-28 16:10:07.430] [jointLog] [info] Fragment incompatibility prior below threshold.  Incompatible fragments will be ignored.
[2025-02-28 16:10:07.430] [jointLog] [info] Usage of --validateMappings implies use of minScoreFraction. Since not explicitly specified, it is being set to 0.65
[2025-02-28 16:10:07.430] [jointLog] [info] Setting consensusSlack to selective-alignment default of 0.35.
[2025-02-28 16:10:07.430] [jointLog] [info] parsing read library format
[2025-02-28 16:10:07.430] [jointLog] [info] There is 1 library.
[2025-02-28 16:10:07.430] [jointLog] [info] Loading pufferfish index
[2025-02-28 16:10:07.430] [jointLog] [info] Loading dense pufferfish index.
[2025-02-28 16:10:19.173] [jointLog] [info] done
[2025-02-28 16:10:19.207] [jointLog] [info] Index contained 276,684 targets
[2025-02-28 16:10:20.475] [jointLog] [info] Number of decoys : 61
[2025-02-28 16:10:20.475] [jointLog] [info] First decoy index : 276,586 
[2025-02-28 16:10:21.037] [jointLog] [info] Automatically detected most likely library type as ISR

[2025-02-28 16:13:24.236] [jointLog] [info] Thread saw mini-batch with a maximum of 1.54% zero probability fragments
[2025-02-28 16:13:24.244] [jointLog] [info] Thread saw mini-batch with a maximum of 1.34% zero probability fragments
[2025-02-28 16:13:24.247] [jointLog] [info] Thread saw mini-batch with a maximum of 1.42% zero probability fragments
[2025-02-28 16:13:24.254] [jointLog] [info] Thread saw mini-batch with a maximum of 1.40% zero probability fragments
[2025-02-28 16:13:24.266] [jointLog] [info] Thread saw mini-batch with a maximum of 1.40% zero probability fragments
[2025-02-28 16:13:24.321] [jointLog] [info] Thread saw mini-batch with a maximum of 1.48% zero probability fragments
[2025-02-28 16:13:24.424] [jointLog] [info] Thread saw mini-batch with a maximum of 1.42% zero probability fragments
[2025-02-28 16:13:24.464] [jointLog] [info] Thread saw mini-batch with a maximum of 1.44% zero probability fragments
[2025-02-28 16:13:24.469] [jointLog] [info] Thread saw mini-batch with a maximum of 1.38% zero probability fragments
[2025-02-28 16:13:24.476] [jointLog] [info] Thread saw mini-batch with a maximum of 1.48% zero probability fragments
[2025-02-28 16:13:24.482] [jointLog] [info] Thread saw mini-batch with a maximum of 1.40% zero probability fragments
[2025-02-28 16:13:24.508] [jointLog] [info] Thread saw mini-batch with a maximum of 1.40% zero probability fragments
[2025-02-28 16:13:24.552] [jointLog] [info] Thread saw mini-batch with a maximum of 1.46% zero probability fragments
[2025-02-28 16:13:24.553] [jointLog] [info] Thread saw mini-batch with a maximum of 1.42% zero probability fragments
[2025-02-28 16:13:24.561] [jointLog] [info] Thread saw mini-batch with a maximum of 1.38% zero probability fragments
[2025-02-28 16:13:24.566] [jointLog] [info] Thread saw mini-batch with a maximum of 1.38% zero probability fragments
[2025-02-28 16:13:24.620] [jointLog] [info] Thread saw mini-batch with a maximum of 1.46% zero probability fragments
[2025-02-28 16:13:24.629] [jointLog] [info] Thread saw mini-batch with a maximum of 1.38% zero probability fragments
[2025-02-28 16:13:24.704] [jointLog] [info] Computed 212,865 rich equivalence classes for further processing
[2025-02-28 16:13:24.704] [jointLog] [info] Counted 10,258,961 total reads in the equivalence classes 
[2025-02-28 16:13:24.710] [jointLog] [warning] 4.25821e-05% of fragments were shorter than the k used to build the index.
If this fraction is too large, consider re-building the index with a smaller k.
The minimum read size found was 19.


[2025-02-28 16:13:24.710] [jointLog] [info] Number of mappings discarded because of alignment score : 14,886,028
[2025-02-28 16:13:24.710] [jointLog] [info] Number of fragments entirely discarded because of alignment score : 3,037,947
[2025-02-28 16:13:24.710] [jointLog] [info] Number of fragments discarded because they are best-mapped to decoys : 2,844,708
[2025-02-28 16:13:24.710] [jointLog] [info] Number of fragments discarded because they have only dovetail (discordant) mappings to valid targets : 62,129
[2025-02-28 16:13:24.710] [jointLog] [info] Mapping rate = 36.404%

[2025-02-28 16:13:24.710] [jointLog] [info] finished quantifyLibrary()
[2025-02-28 16:13:24.710] [jointLog] [info] Starting optimizer
[2025-02-28 16:13:24.746] [jointLog] [info] Marked 0 weighted equivalence classes as degenerate
[2025-02-28 16:13:24.750] [jointLog] [info] iteration = 0 | max rel diff. = 2944.18
[2025-02-28 16:13:24.791] [jointLog] [info] iteration 11, adjusting effective lengths to account for biases
[2025-02-28 16:13:24.704] [fileLog] [info] 
At end of round 0
==================
Observed 28180847 total fragments (28180847 in most recent round)

[2025-02-28 16:13:40.925] [jointLog] [info] Computed expected counts (for bias correction)
[2025-02-28 16:13:40.925] [jointLog] [info] processed bias for 0.0% of the transcripts
[2025-02-28 16:13:42.300] [jointLog] [info] processed bias for 10.0% of the transcripts
[2025-02-28 16:13:43.726] [jointLog] [info] processed bias for 20.0% of the transcripts
[2025-02-28 16:13:45.053] [jointLog] [info] processed bias for 30.0% of the transcripts
[2025-02-28 16:13:46.513] [jointLog] [info] processed bias for 40.1% of the transcripts
[2025-02-28 16:13:48.010] [jointLog] [info] processed bias for 50.0% of the transcripts
[2025-02-28 16:13:49.375] [jointLog] [info] processed bias for 60.0% of the transcripts
[2025-02-28 16:13:50.907] [jointLog] [info] processed bias for 70.0% of the transcripts
[2025-02-28 16:13:52.329] [jointLog] [info] processed bias for 80.0% of the transcripts
[2025-02-28 16:13:53.726] [jointLog] [info] processed bias for 90.0% of the transcripts
[2025-02-28 16:13:55.217] [jointLog] [info] processed bias for 100.0% of the transcripts
[2025-02-28 16:13:55.220] [jointLog] [info] processed bias for 100.0% of the transcripts
[2025-02-28 16:13:55.622] [jointLog] [info] iteration = 100 | max rel diff. = 17.6816
[2025-02-28 16:13:56.064] [jointLog] [info] iteration = 200 | max rel diff. = 13.3518
[2025-02-28 16:13:56.521] [jointLog] [info] iteration = 300 | max rel diff. = 9.36394
[2025-02-28 16:13:56.965] [jointLog] [info] iteration = 400 | max rel diff. = 0.429784
[2025-02-28 16:13:57.408] [jointLog] [info] iteration = 500 | max rel diff. = 0.189992
[2025-02-28 16:13:57.852] [jointLog] [info] iteration = 600 | max rel diff. = 0.816466
[2025-02-28 16:13:58.293] [jointLog] [info] iteration = 700 | max rel diff. = 0.110222
[2025-02-28 16:13:58.735] [jointLog] [info] iteration = 800 | max rel diff. = 0.293934
[2025-02-28 16:13:59.178] [jointLog] [info] iteration = 900 | max rel diff. = 0.155461
[2025-02-28 16:13:59.621] [jointLog] [info] iteration = 1,000 | max rel diff. = 0.0323311
[2025-02-28 16:14:00.076] [jointLog] [info] iteration = 1,100 | max rel diff. = 0.0535269
[2025-02-28 16:14:00.522] [jointLog] [info] iteration = 1,200 | max rel diff. = 0.0626204
[2025-02-28 16:14:00.964] [jointLog] [info] iteration = 1,300 | max rel diff. = 0.0585517
[2025-02-28 16:14:01.050] [jointLog] [info] iteration = 1,320 | max rel diff. = 0.00748743
[2025-02-28 16:14:01.055] [jointLog] [info] Finished optimizer
[2025-02-28 16:14:01.055] [jointLog] [info] writing output 

