[2025-02-28 16:02:45.282] [jointLog] [info] setting maxHashResizeThreads to 18
[2025-02-28 16:02:45.282] [jointLog] [info] Fragment incompatibility prior below threshold.  Incompatible fragments will be ignored.
[2025-02-28 16:02:45.282] [jointLog] [info] Usage of --validateMappings implies use of minScoreFraction. Since not explicitly specified, it is being set to 0.65
[2025-02-28 16:02:45.282] [jointLog] [info] Setting consensusSlack to selective-alignment default of 0.35.
[2025-02-28 16:02:45.282] [jointLog] [info] parsing read library format
[2025-02-28 16:02:45.282] [jointLog] [info] There is 1 library.
[2025-02-28 16:02:45.282] [jointLog] [info] Loading pufferfish index
[2025-02-28 16:02:45.282] [jointLog] [info] Loading dense pufferfish index.
[2025-02-28 16:02:56.788] [jointLog] [info] done
[2025-02-28 16:02:56.821] [jointLog] [info] Index contained 276,684 targets
[2025-02-28 16:02:58.072] [jointLog] [info] Number of decoys : 61
[2025-02-28 16:02:58.072] [jointLog] [info] First decoy index : 276,586 
[2025-02-28 16:02:58.779] [jointLog] [info] Automatically detected most likely library type as ISR

[2025-02-28 16:05:28.878] [jointLog] [info] Thread saw mini-batch with a maximum of 1.36% zero probability fragments
[2025-02-28 16:05:28.902] [jointLog] [info] Thread saw mini-batch with a maximum of 1.42% zero probability fragments
[2025-02-28 16:05:28.916] [jointLog] [info] Thread saw mini-batch with a maximum of 1.46% zero probability fragments
[2025-02-28 16:05:28.990] [jointLog] [info] Thread saw mini-batch with a maximum of 1.44% zero probability fragments
[2025-02-28 16:05:29.063] [jointLog] [info] Thread saw mini-batch with a maximum of 1.46% zero probability fragments
[2025-02-28 16:05:29.140] [jointLog] [info] Thread saw mini-batch with a maximum of 1.42% zero probability fragments
[2025-02-28 16:05:29.148] [jointLog] [info] Thread saw mini-batch with a maximum of 1.60% zero probability fragments
[2025-02-28 16:05:29.149] [jointLog] [info] Thread saw mini-batch with a maximum of 1.48% zero probability fragments
[2025-02-28 16:05:29.170] [jointLog] [info] Thread saw mini-batch with a maximum of 1.38% zero probability fragments
[2025-02-28 16:05:29.182] [jointLog] [info] Thread saw mini-batch with a maximum of 1.44% zero probability fragments
[2025-02-28 16:05:29.215] [jointLog] [info] Thread saw mini-batch with a maximum of 1.48% zero probability fragments
[2025-02-28 16:05:29.229] [jointLog] [info] Thread saw mini-batch with a maximum of 1.46% zero probability fragments
[2025-02-28 16:05:29.232] [jointLog] [info] Thread saw mini-batch with a maximum of 1.42% zero probability fragments
[2025-02-28 16:05:29.249] [jointLog] [info] Thread saw mini-batch with a maximum of 1.42% zero probability fragments
[2025-02-28 16:05:29.261] [jointLog] [info] Thread saw mini-batch with a maximum of 1.42% zero probability fragments
[2025-02-28 16:05:29.291] [jointLog] [info] Thread saw mini-batch with a maximum of 1.46% zero probability fragments
[2025-02-28 16:05:29.324] [jointLog] [info] Thread saw mini-batch with a maximum of 1.44% zero probability fragments
[2025-02-28 16:05:29.334] [jointLog] [info] Thread saw mini-batch with a maximum of 1.48% zero probability fragments
[2025-02-28 16:05:29.416] [jointLog] [info] Computed 168,419 rich equivalence classes for further processing
[2025-02-28 16:05:29.416] [jointLog] [info] Counted 6,626,756 total reads in the equivalence classes 
[2025-02-28 16:05:29.423] [jointLog] [warning] 0.000127538% of fragments were shorter than the k used to build the index.
If this fraction is too large, consider re-building the index with a smaller k.
The minimum read size found was 20.


[2025-02-28 16:05:29.423] [jointLog] [info] Number of mappings discarded because of alignment score : 14,666,573
[2025-02-28 16:05:29.423] [jointLog] [info] Number of fragments entirely discarded because of alignment score : 2,622,095
[2025-02-28 16:05:29.423] [jointLog] [info] Number of fragments discarded because they are best-mapped to decoys : 2,440,891
[2025-02-28 16:05:29.423] [jointLog] [info] Number of fragments discarded because they have only dovetail (discordant) mappings to valid targets : 48,529
[2025-02-28 16:05:29.423] [jointLog] [info] Mapping rate = 30.1844%

[2025-02-28 16:05:29.423] [jointLog] [info] finished quantifyLibrary()
[2025-02-28 16:05:29.423] [jointLog] [info] Starting optimizer
[2025-02-28 16:05:29.462] [jointLog] [info] Marked 0 weighted equivalence classes as degenerate
[2025-02-28 16:05:29.466] [jointLog] [info] iteration = 0 | max rel diff. = 2072.15
[2025-02-28 16:05:29.416] [fileLog] [info] 
At end of round 0
==================
Observed 21954264 total fragments (21954264 in most recent round)

[2025-02-28 16:05:29.514] [jointLog] [info] iteration 11, adjusting effective lengths to account for biases
[2025-02-28 16:05:42.912] [jointLog] [info] Computed expected counts (for bias correction)
[2025-02-28 16:05:42.912] [jointLog] [info] processed bias for 0.0% of the transcripts
[2025-02-28 16:05:44.129] [jointLog] [info] processed bias for 10.0% of the transcripts
[2025-02-28 16:05:45.320] [jointLog] [info] processed bias for 20.0% of the transcripts
[2025-02-28 16:05:46.539] [jointLog] [info] processed bias for 30.0% of the transcripts
[2025-02-28 16:05:47.858] [jointLog] [info] processed bias for 40.0% of the transcripts
[2025-02-28 16:05:48.990] [jointLog] [info] processed bias for 50.0% of the transcripts
[2025-02-28 16:05:50.114] [jointLog] [info] processed bias for 60.0% of the transcripts
[2025-02-28 16:05:51.220] [jointLog] [info] processed bias for 70.0% of the transcripts
[2025-02-28 16:05:52.402] [jointLog] [info] processed bias for 80.0% of the transcripts
[2025-02-28 16:05:53.532] [jointLog] [info] processed bias for 90.0% of the transcripts
[2025-02-28 16:05:54.850] [jointLog] [info] processed bias for 100.0% of the transcripts
[2025-02-28 16:05:54.850] [jointLog] [info] processed bias for 100.0% of the transcripts
[2025-02-28 16:05:55.241] [jointLog] [info] iteration = 100 | max rel diff. = 12.9838
[2025-02-28 16:05:55.664] [jointLog] [info] iteration = 200 | max rel diff. = 2.75342
[2025-02-28 16:05:56.083] [jointLog] [info] iteration = 300 | max rel diff. = 0.581302
[2025-02-28 16:05:56.499] [jointLog] [info] iteration = 400 | max rel diff. = 0.594026
[2025-02-28 16:05:56.913] [jointLog] [info] iteration = 500 | max rel diff. = 4.75635
[2025-02-28 16:05:57.325] [jointLog] [info] iteration = 600 | max rel diff. = 0.25064
[2025-02-28 16:05:57.736] [jointLog] [info] iteration = 700 | max rel diff. = 7.47435
[2025-02-28 16:05:58.163] [jointLog] [info] iteration = 800 | max rel diff. = 0.0232008
[2025-02-28 16:05:58.575] [jointLog] [info] iteration = 900 | max rel diff. = 0.0658859
[2025-02-28 16:05:59.012] [jointLog] [info] iteration = 1,000 | max rel diff. = 0.0878543
[2025-02-28 16:05:59.428] [jointLog] [info] iteration = 1,100 | max rel diff. = 0.037217
[2025-02-28 16:05:59.540] [jointLog] [info] iteration = 1,128 | max rel diff. = 0.00374232
[2025-02-28 16:05:59.545] [jointLog] [info] Finished optimizer
[2025-02-28 16:05:59.545] [jointLog] [info] writing output 

