[2025-02-28 16:37:51.252] [jointLog] [info] setting maxHashResizeThreads to 18
[2025-02-28 16:37:51.252] [jointLog] [info] Fragment incompatibility prior below threshold.  Incompatible fragments will be ignored.
[2025-02-28 16:37:51.252] [jointLog] [info] Usage of --validateMappings implies use of minScoreFraction. Since not explicitly specified, it is being set to 0.65
[2025-02-28 16:37:51.252] [jointLog] [info] Setting consensusSlack to selective-alignment default of 0.35.
[2025-02-28 16:37:51.252] [jointLog] [info] parsing read library format
[2025-02-28 16:37:51.252] [jointLog] [info] There is 1 library.
[2025-02-28 16:37:51.253] [jointLog] [info] Loading pufferfish index
[2025-02-28 16:37:51.253] [jointLog] [info] Loading dense pufferfish index.
[2025-02-28 16:38:02.728] [jointLog] [info] done
[2025-02-28 16:38:02.761] [jointLog] [info] Index contained 276,684 targets
[2025-02-28 16:38:03.992] [jointLog] [info] Number of decoys : 61
[2025-02-28 16:38:03.992] [jointLog] [info] First decoy index : 276,586 
[2025-02-28 16:38:04.640] [jointLog] [info] Automatically detected most likely library type as ISR

[2025-02-28 16:41:34.805] [jointLog] [info] Thread saw mini-batch with a maximum of 1.36% zero probability fragments
[2025-02-28 16:41:34.815] [jointLog] [info] Thread saw mini-batch with a maximum of 1.36% zero probability fragments
[2025-02-28 16:41:34.834] [jointLog] [info] Thread saw mini-batch with a maximum of 1.44% zero probability fragments
[2025-02-28 16:41:34.881] [jointLog] [info] Thread saw mini-batch with a maximum of 2.04% zero probability fragments
[2025-02-28 16:41:34.913] [jointLog] [info] Thread saw mini-batch with a maximum of 1.44% zero probability fragments
[2025-02-28 16:41:34.917] [jointLog] [info] Thread saw mini-batch with a maximum of 1.34% zero probability fragments
[2025-02-28 16:41:34.965] [jointLog] [info] Thread saw mini-batch with a maximum of 1.40% zero probability fragments
[2025-02-28 16:41:34.967] [jointLog] [info] Thread saw mini-batch with a maximum of 1.36% zero probability fragments
[2025-02-28 16:41:34.976] [jointLog] [info] Thread saw mini-batch with a maximum of 1.48% zero probability fragments
[2025-02-28 16:41:35.066] [jointLog] [info] Thread saw mini-batch with a maximum of 1.48% zero probability fragments
[2025-02-28 16:41:35.097] [jointLog] [info] Thread saw mini-batch with a maximum of 1.36% zero probability fragments
[2025-02-28 16:41:35.143] [jointLog] [info] Thread saw mini-batch with a maximum of 1.46% zero probability fragments
[2025-02-28 16:41:35.166] [jointLog] [info] Thread saw mini-batch with a maximum of 1.40% zero probability fragments
[2025-02-28 16:41:35.185] [jointLog] [info] Thread saw mini-batch with a maximum of 1.58% zero probability fragments
[2025-02-28 16:41:35.187] [jointLog] [info] Thread saw mini-batch with a maximum of 1.42% zero probability fragments
[2025-02-28 16:41:35.212] [jointLog] [info] Thread saw mini-batch with a maximum of 1.44% zero probability fragments
[2025-02-28 16:41:35.235] [jointLog] [info] Thread saw mini-batch with a maximum of 1.34% zero probability fragments
[2025-02-28 16:41:35.236] [jointLog] [info] Thread saw mini-batch with a maximum of 1.58% zero probability fragments
[2025-02-28 16:41:35.321] [jointLog] [info] Computed 215,050 rich equivalence classes for further processing
[2025-02-28 16:41:35.321] [jointLog] [info] Counted 10,845,673 total reads in the equivalence classes 
[2025-02-28 16:41:35.327] [jointLog] [warning] 5.4477e-05% of fragments were shorter than the k used to build the index.
If this fraction is too large, consider re-building the index with a smaller k.
The minimum read size found was 20.


[2025-02-28 16:41:35.327] [jointLog] [info] Number of mappings discarded because of alignment score : 13,177,950
[2025-02-28 16:41:35.327] [jointLog] [info] Number of fragments entirely discarded because of alignment score : 3,498,718
[2025-02-28 16:41:35.327] [jointLog] [info] Number of fragments discarded because they are best-mapped to decoys : 3,298,384
[2025-02-28 16:41:35.327] [jointLog] [info] Number of fragments discarded because they have only dovetail (discordant) mappings to valid targets : 59,319
[2025-02-28 16:41:35.327] [jointLog] [info] Mapping rate = 34.7553%

[2025-02-28 16:41:35.327] [jointLog] [info] finished quantifyLibrary()
[2025-02-28 16:41:35.327] [jointLog] [info] Starting optimizer
[2025-02-28 16:41:35.379] [jointLog] [info] Marked 0 weighted equivalence classes as degenerate
[2025-02-28 16:41:35.386] [jointLog] [info] iteration = 0 | max rel diff. = 3064.21
[2025-02-28 16:41:35.434] [jointLog] [info] iteration 11, adjusting effective lengths to account for biases
[2025-02-28 16:41:35.321] [fileLog] [info] 
At end of round 0
==================
Observed 31205834 total fragments (31205834 in most recent round)

[2025-02-28 16:41:51.507] [jointLog] [info] Computed expected counts (for bias correction)
[2025-02-28 16:41:51.507] [jointLog] [info] processed bias for 0.0% of the transcripts
[2025-02-28 16:41:52.861] [jointLog] [info] processed bias for 10.0% of the transcripts
[2025-02-28 16:41:54.305] [jointLog] [info] processed bias for 20.0% of the transcripts
[2025-02-28 16:41:55.694] [jointLog] [info] processed bias for 30.0% of the transcripts
[2025-02-28 16:41:57.159] [jointLog] [info] processed bias for 40.0% of the transcripts
[2025-02-28 16:41:58.551] [jointLog] [info] processed bias for 50.0% of the transcripts
[2025-02-28 16:41:59.901] [jointLog] [info] processed bias for 60.0% of the transcripts
[2025-02-28 16:42:01.449] [jointLog] [info] processed bias for 70.0% of the transcripts
[2025-02-28 16:42:02.689] [jointLog] [info] processed bias for 80.0% of the transcripts
[2025-02-28 16:42:04.129] [jointLog] [info] processed bias for 90.0% of the transcripts
[2025-02-28 16:42:05.587] [jointLog] [info] processed bias for 100.0% of the transcripts
[2025-02-28 16:42:06.011] [jointLog] [info] iteration = 100 | max rel diff. = 9.96784
[2025-02-28 16:42:06.458] [jointLog] [info] iteration = 200 | max rel diff. = 0.599264
[2025-02-28 16:42:06.902] [jointLog] [info] iteration = 300 | max rel diff. = 4.29829
[2025-02-28 16:42:07.351] [jointLog] [info] iteration = 400 | max rel diff. = 6.857
[2025-02-28 16:42:07.792] [jointLog] [info] iteration = 500 | max rel diff. = 0.50806
[2025-02-28 16:42:08.237] [jointLog] [info] iteration = 600 | max rel diff. = 0.111063
[2025-02-28 16:42:08.688] [jointLog] [info] iteration = 700 | max rel diff. = 0.136967
[2025-02-28 16:42:09.137] [jointLog] [info] iteration = 800 | max rel diff. = 0.0562606
[2025-02-28 16:42:09.581] [jointLog] [info] iteration = 900 | max rel diff. = 0.0213368
[2025-02-28 16:42:10.020] [jointLog] [info] iteration = 1,000 | max rel diff. = 0.0430358
[2025-02-28 16:42:10.465] [jointLog] [info] iteration = 1,100 | max rel diff. = 0.0114218
[2025-02-28 16:42:10.916] [jointLog] [info] iteration = 1,200 | max rel diff. = 0.0304548
[2025-02-28 16:42:11.072] [jointLog] [info] iteration = 1,236 | max rel diff. = 0.0048445
[2025-02-28 16:42:11.078] [jointLog] [info] Finished optimizer
[2025-02-28 16:42:11.078] [jointLog] [info] writing output 

