[2025-02-28 16:06:00.997] [jointLog] [info] setting maxHashResizeThreads to 18
[2025-02-28 16:06:00.997] [jointLog] [info] Fragment incompatibility prior below threshold.  Incompatible fragments will be ignored.
[2025-02-28 16:06:00.997] [jointLog] [info] Usage of --validateMappings implies use of minScoreFraction. Since not explicitly specified, it is being set to 0.65
[2025-02-28 16:06:00.997] [jointLog] [info] Setting consensusSlack to selective-alignment default of 0.35.
[2025-02-28 16:06:00.997] [jointLog] [info] parsing read library format
[2025-02-28 16:06:00.997] [jointLog] [info] There is 1 library.
[2025-02-28 16:06:00.997] [jointLog] [info] Loading pufferfish index
[2025-02-28 16:06:00.997] [jointLog] [info] Loading dense pufferfish index.
[2025-02-28 16:06:12.682] [jointLog] [info] done
[2025-02-28 16:06:12.715] [jointLog] [info] Index contained 276,684 targets
[2025-02-28 16:06:13.980] [jointLog] [info] Number of decoys : 61
[2025-02-28 16:06:13.980] [jointLog] [info] First decoy index : 276,586 
[2025-02-28 16:06:14.622] [jointLog] [info] Automatically detected most likely library type as ISR

[2025-02-28 16:09:28.736] [jointLog] [info] Thread saw mini-batch with a maximum of 1.42% zero probability fragments
[2025-02-28 16:09:28.773] [jointLog] [info] Thread saw mini-batch with a maximum of 1.44% zero probability fragments
[2025-02-28 16:09:28.791] [jointLog] [info] Thread saw mini-batch with a maximum of 1.40% zero probability fragments
[2025-02-28 16:09:28.798] [jointLog] [info] Thread saw mini-batch with a maximum of 1.48% zero probability fragments
[2025-02-28 16:09:28.867] [jointLog] [info] Thread saw mini-batch with a maximum of 1.36% zero probability fragments
[2025-02-28 16:09:28.907] [jointLog] [info] Thread saw mini-batch with a maximum of 1.36% zero probability fragments
[2025-02-28 16:09:28.928] [jointLog] [info] Thread saw mini-batch with a maximum of 1.46% zero probability fragments
[2025-02-28 16:09:28.983] [jointLog] [info] Thread saw mini-batch with a maximum of 1.40% zero probability fragments
[2025-02-28 16:09:28.991] [jointLog] [info] Thread saw mini-batch with a maximum of 1.46% zero probability fragments
[2025-02-28 16:09:28.992] [jointLog] [info] Thread saw mini-batch with a maximum of 1.38% zero probability fragments
[2025-02-28 16:09:29.036] [jointLog] [info] Thread saw mini-batch with a maximum of 1.54% zero probability fragments
[2025-02-28 16:09:29.048] [jointLog] [info] Thread saw mini-batch with a maximum of 1.42% zero probability fragments
[2025-02-28 16:09:29.060] [jointLog] [info] Thread saw mini-batch with a maximum of 1.44% zero probability fragments
[2025-02-28 16:09:29.064] [jointLog] [info] Thread saw mini-batch with a maximum of 1.52% zero probability fragments
[2025-02-28 16:09:29.084] [jointLog] [info] Thread saw mini-batch with a maximum of 1.34% zero probability fragments
[2025-02-28 16:09:29.100] [jointLog] [info] Thread saw mini-batch with a maximum of 1.46% zero probability fragments
[2025-02-28 16:09:29.121] [jointLog] [info] Thread saw mini-batch with a maximum of 1.40% zero probability fragments
[2025-02-28 16:09:29.235] [jointLog] [info] Thread saw mini-batch with a maximum of 1.42% zero probability fragments
[2025-02-28 16:09:29.312] [jointLog] [info] Computed 202,481 rich equivalence classes for further processing
[2025-02-28 16:09:29.312] [jointLog] [info] Counted 10,481,829 total reads in the equivalence classes 
[2025-02-28 16:09:29.317] [jointLog] [warning] 7.3783e-05% of fragments were shorter than the k used to build the index.
If this fraction is too large, consider re-building the index with a smaller k.
The minimum read size found was 19.


[2025-02-28 16:09:29.317] [jointLog] [info] Number of mappings discarded because of alignment score : 13,653,499
[2025-02-28 16:09:29.317] [jointLog] [info] Number of fragments entirely discarded because of alignment score : 3,329,332
[2025-02-28 16:09:29.317] [jointLog] [info] Number of fragments discarded because they are best-mapped to decoys : 3,134,043
[2025-02-28 16:09:29.317] [jointLog] [info] Number of fragments discarded because they have only dovetail (discordant) mappings to valid targets : 62,058
[2025-02-28 16:09:29.317] [jointLog] [info] Mapping rate = 35.1537%

[2025-02-28 16:09:29.318] [jointLog] [info] finished quantifyLibrary()
[2025-02-28 16:09:29.318] [jointLog] [info] Starting optimizer
[2025-02-28 16:09:29.352] [jointLog] [info] Marked 0 weighted equivalence classes as degenerate
[2025-02-28 16:09:29.356] [jointLog] [info] iteration = 0 | max rel diff. = 2989.09
[2025-02-28 16:09:29.396] [jointLog] [info] iteration 11, adjusting effective lengths to account for biases
[2025-02-28 16:09:29.312] [fileLog] [info] 
At end of round 0
==================
Observed 29817165 total fragments (29817165 in most recent round)

[2025-02-28 16:09:45.380] [jointLog] [info] Computed expected counts (for bias correction)
[2025-02-28 16:09:45.380] [jointLog] [info] processed bias for 0.0% of the transcripts
[2025-02-28 16:09:46.792] [jointLog] [info] processed bias for 10.0% of the transcripts
[2025-02-28 16:09:48.301] [jointLog] [info] processed bias for 20.0% of the transcripts
[2025-02-28 16:09:49.624] [jointLog] [info] processed bias for 30.0% of the transcripts
[2025-02-28 16:09:51.054] [jointLog] [info] processed bias for 40.0% of the transcripts
[2025-02-28 16:09:52.384] [jointLog] [info] processed bias for 50.0% of the transcripts
[2025-02-28 16:09:53.889] [jointLog] [info] processed bias for 60.0% of the transcripts
[2025-02-28 16:09:55.317] [jointLog] [info] processed bias for 70.0% of the transcripts
[2025-02-28 16:09:56.665] [jointLog] [info] processed bias for 80.0% of the transcripts
[2025-02-28 16:09:58.079] [jointLog] [info] processed bias for 90.0% of the transcripts
[2025-02-28 16:09:59.474] [jointLog] [info] processed bias for 100.0% of the transcripts
[2025-02-28 16:09:59.476] [jointLog] [info] processed bias for 100.0% of the transcripts
[2025-02-28 16:09:59.905] [jointLog] [info] iteration = 100 | max rel diff. = 16.1814
[2025-02-28 16:10:00.348] [jointLog] [info] iteration = 200 | max rel diff. = 10.5242
[2025-02-28 16:10:00.808] [jointLog] [info] iteration = 300 | max rel diff. = 8.48826
[2025-02-28 16:10:01.266] [jointLog] [info] iteration = 400 | max rel diff. = 3.02423
[2025-02-28 16:10:01.725] [jointLog] [info] iteration = 500 | max rel diff. = 1.52652
[2025-02-28 16:10:02.184] [jointLog] [info] iteration = 600 | max rel diff. = 0.358413
[2025-02-28 16:10:02.655] [jointLog] [info] iteration = 700 | max rel diff. = 0.130094
[2025-02-28 16:10:03.112] [jointLog] [info] iteration = 800 | max rel diff. = 0.176024
[2025-02-28 16:10:03.602] [jointLog] [info] iteration = 900 | max rel diff. = 0.0107461
[2025-02-28 16:10:04.073] [jointLog] [info] iteration = 1,000 | max rel diff. = 0.0338074
[2025-02-28 16:10:04.520] [jointLog] [info] iteration = 1,100 | max rel diff. = 0.0185244
[2025-02-28 16:10:04.980] [jointLog] [info] iteration = 1,200 | max rel diff. = 5.71775
[2025-02-28 16:10:05.435] [jointLog] [info] iteration = 1,300 | max rel diff. = 0.0374963
[2025-02-28 16:10:05.881] [jointLog] [info] iteration = 1,400 | max rel diff. = 0.205739
[2025-02-28 16:10:05.908] [jointLog] [info] iteration = 1,407 | max rel diff. = 0.00531723
[2025-02-28 16:10:05.913] [jointLog] [info] Finished optimizer
[2025-02-28 16:10:05.913] [jointLog] [info] writing output 

