[2025-02-28 16:14:03.032] [jointLog] [info] setting maxHashResizeThreads to 18
[2025-02-28 16:14:03.032] [jointLog] [info] Fragment incompatibility prior below threshold.  Incompatible fragments will be ignored.
[2025-02-28 16:14:03.032] [jointLog] [info] Usage of --validateMappings implies use of minScoreFraction. Since not explicitly specified, it is being set to 0.65
[2025-02-28 16:14:03.032] [jointLog] [info] Setting consensusSlack to selective-alignment default of 0.35.
[2025-02-28 16:14:03.032] [jointLog] [info] parsing read library format
[2025-02-28 16:14:03.032] [jointLog] [info] There is 1 library.
[2025-02-28 16:14:03.032] [jointLog] [info] Loading pufferfish index
[2025-02-28 16:14:03.032] [jointLog] [info] Loading dense pufferfish index.
[2025-02-28 16:14:14.517] [jointLog] [info] done
[2025-02-28 16:14:14.550] [jointLog] [info] Index contained 276,684 targets
[2025-02-28 16:14:15.788] [jointLog] [info] Number of decoys : 61
[2025-02-28 16:14:15.788] [jointLog] [info] First decoy index : 276,586 
[2025-02-28 16:14:16.542] [jointLog] [info] Automatically detected most likely library type as ISR

[2025-02-28 16:18:15.861] [jointLog] [info] Thread saw mini-batch with a maximum of 1.84% zero probability fragments
[2025-02-28 16:18:15.870] [jointLog] [info] Thread saw mini-batch with a maximum of 1.56% zero probability fragments
[2025-02-28 16:18:15.898] [jointLog] [info] Thread saw mini-batch with a maximum of 1.52% zero probability fragments
[2025-02-28 16:18:15.937] [jointLog] [info] Thread saw mini-batch with a maximum of 1.62% zero probability fragments
[2025-02-28 16:18:15.948] [jointLog] [info] Thread saw mini-batch with a maximum of 1.64% zero probability fragments
[2025-02-28 16:18:15.966] [jointLog] [info] Thread saw mini-batch with a maximum of 1.62% zero probability fragments
[2025-02-28 16:18:16.067] [jointLog] [info] Thread saw mini-batch with a maximum of 1.60% zero probability fragments
[2025-02-28 16:18:16.077] [jointLog] [info] Thread saw mini-batch with a maximum of 1.64% zero probability fragments
[2025-02-28 16:18:16.122] [jointLog] [info] Thread saw mini-batch with a maximum of 1.56% zero probability fragments
[2025-02-28 16:18:16.152] [jointLog] [info] Thread saw mini-batch with a maximum of 1.62% zero probability fragments
[2025-02-28 16:18:16.155] [jointLog] [info] Thread saw mini-batch with a maximum of 1.60% zero probability fragments
[2025-02-28 16:18:16.191] [jointLog] [info] Thread saw mini-batch with a maximum of 1.58% zero probability fragments
[2025-02-28 16:18:16.202] [jointLog] [info] Thread saw mini-batch with a maximum of 1.64% zero probability fragments
[2025-02-28 16:18:16.215] [jointLog] [info] Thread saw mini-batch with a maximum of 1.54% zero probability fragments
[2025-02-28 16:18:16.219] [jointLog] [info] Thread saw mini-batch with a maximum of 1.54% zero probability fragments
[2025-02-28 16:18:16.222] [jointLog] [info] Thread saw mini-batch with a maximum of 1.64% zero probability fragments
[2025-02-28 16:18:16.293] [jointLog] [info] Thread saw mini-batch with a maximum of 1.52% zero probability fragments
[2025-02-28 16:18:16.331] [jointLog] [info] Thread saw mini-batch with a maximum of 1.70% zero probability fragments
[2025-02-28 16:18:16.409] [jointLog] [info] Computed 203,391 rich equivalence classes for further processing
[2025-02-28 16:18:16.409] [jointLog] [info] Counted 8,365,249 total reads in the equivalence classes 
[2025-02-28 16:18:16.414] [jointLog] [warning] 0.000124999% of fragments were shorter than the k used to build the index.
If this fraction is too large, consider re-building the index with a smaller k.
The minimum read size found was 18.


[2025-02-28 16:18:16.414] [jointLog] [info] Number of mappings discarded because of alignment score : 20,569,916
[2025-02-28 16:18:16.414] [jointLog] [info] Number of fragments entirely discarded because of alignment score : 3,927,419
[2025-02-28 16:18:16.414] [jointLog] [info] Number of fragments discarded because they are best-mapped to decoys : 3,729,897
[2025-02-28 16:18:16.414] [jointLog] [info] Number of fragments discarded because they have only dovetail (discordant) mappings to valid targets : 126,575
[2025-02-28 16:18:16.414] [jointLog] [info] Mapping rate = 26.1412%

[2025-02-28 16:18:16.414] [jointLog] [info] finished quantifyLibrary()
[2025-02-28 16:18:16.415] [jointLog] [info] Starting optimizer
[2025-02-28 16:18:16.409] [fileLog] [info] 
At end of round 0
==================
Observed 32000217 total fragments (32000217 in most recent round)

[2025-02-28 16:18:17.733] [jointLog] [info] Marked 0 weighted equivalence classes as degenerate
[2025-02-28 16:18:17.738] [jointLog] [info] iteration = 0 | max rel diff. = 2515.73
[2025-02-28 16:18:17.777] [jointLog] [info] iteration 11, adjusting effective lengths to account for biases
[2025-02-28 16:18:32.066] [jointLog] [info] Computed expected counts (for bias correction)
[2025-02-28 16:18:32.066] [jointLog] [info] processed bias for 0.0% of the transcripts
[2025-02-28 16:18:33.360] [jointLog] [info] processed bias for 10.0% of the transcripts
[2025-02-28 16:18:34.616] [jointLog] [info] processed bias for 20.0% of the transcripts
[2025-02-28 16:18:35.949] [jointLog] [info] processed bias for 30.0% of the transcripts
[2025-02-28 16:18:37.068] [jointLog] [info] processed bias for 40.0% of the transcripts
[2025-02-28 16:18:38.241] [jointLog] [info] processed bias for 50.0% of the transcripts
[2025-02-28 16:18:39.532] [jointLog] [info] processed bias for 60.0% of the transcripts
[2025-02-28 16:18:40.753] [jointLog] [info] processed bias for 70.0% of the transcripts
[2025-02-28 16:18:41.890] [jointLog] [info] processed bias for 80.0% of the transcripts
[2025-02-28 16:18:43.259] [jointLog] [info] processed bias for 90.0% of the transcripts
[2025-02-28 16:18:44.707] [jointLog] [info] processed bias for 100.0% of the transcripts
[2025-02-28 16:18:44.713] [jointLog] [info] processed bias for 100.0% of the transcripts
[2025-02-28 16:18:45.127] [jointLog] [info] iteration = 100 | max rel diff. = 19.6182
[2025-02-28 16:18:45.584] [jointLog] [info] iteration = 200 | max rel diff. = 5.05697
[2025-02-28 16:18:46.016] [jointLog] [info] iteration = 300 | max rel diff. = 1.63359
[2025-02-28 16:18:46.456] [jointLog] [info] iteration = 400 | max rel diff. = 0.427274
[2025-02-28 16:18:46.890] [jointLog] [info] iteration = 500 | max rel diff. = 0.374544
[2025-02-28 16:18:47.327] [jointLog] [info] iteration = 600 | max rel diff. = 2.54988
[2025-02-28 16:18:47.765] [jointLog] [info] iteration = 700 | max rel diff. = 0.0949075
[2025-02-28 16:18:48.201] [jointLog] [info] iteration = 800 | max rel diff. = 0.172058
[2025-02-28 16:18:48.639] [jointLog] [info] iteration = 900 | max rel diff. = 0.0524383
[2025-02-28 16:18:49.077] [jointLog] [info] iteration = 1,000 | max rel diff. = 1.75092
[2025-02-28 16:18:49.517] [jointLog] [info] iteration = 1,100 | max rel diff. = 2.53049
[2025-02-28 16:18:49.960] [jointLog] [info] iteration = 1,200 | max rel diff. = 0.0313311
[2025-02-28 16:18:50.396] [jointLog] [info] iteration = 1,300 | max rel diff. = 0.147379
[2025-02-28 16:18:50.658] [jointLog] [info] iteration = 1,362 | max rel diff. = 0.00249221
[2025-02-28 16:18:50.664] [jointLog] [info] Finished optimizer
[2025-02-28 16:18:50.664] [jointLog] [info] writing output 

