[2025-02-28 16:51:22.093] [jointLog] [info] setting maxHashResizeThreads to 18
[2025-02-28 16:51:22.093] [jointLog] [info] Fragment incompatibility prior below threshold.  Incompatible fragments will be ignored.
[2025-02-28 16:51:22.093] [jointLog] [info] Usage of --validateMappings implies use of minScoreFraction. Since not explicitly specified, it is being set to 0.65
[2025-02-28 16:51:22.093] [jointLog] [info] Setting consensusSlack to selective-alignment default of 0.35.
[2025-02-28 16:51:22.093] [jointLog] [info] parsing read library format
[2025-02-28 16:51:22.093] [jointLog] [info] There is 1 library.
[2025-02-28 16:51:22.093] [jointLog] [info] Loading pufferfish index
[2025-02-28 16:51:22.093] [jointLog] [info] Loading dense pufferfish index.
[2025-02-28 16:51:33.560] [jointLog] [info] done
[2025-02-28 16:51:33.593] [jointLog] [info] Index contained 276,684 targets
[2025-02-28 16:51:34.824] [jointLog] [info] Number of decoys : 61
[2025-02-28 16:51:34.824] [jointLog] [info] First decoy index : 276,586 
[2025-02-28 16:51:35.523] [jointLog] [info] Automatically detected most likely library type as ISR

[2025-02-28 16:54:43.500] [jointLog] [info] Thread saw mini-batch with a maximum of 1.64% zero probability fragments
[2025-02-28 16:54:43.524] [jointLog] [info] Thread saw mini-batch with a maximum of 1.50% zero probability fragments
[2025-02-28 16:54:43.579] [jointLog] [info] Thread saw mini-batch with a maximum of 1.58% zero probability fragments
[2025-02-28 16:54:43.585] [jointLog] [info] Thread saw mini-batch with a maximum of 1.46% zero probability fragments
[2025-02-28 16:54:43.589] [jointLog] [info] Thread saw mini-batch with a maximum of 1.62% zero probability fragments
[2025-02-28 16:54:43.614] [jointLog] [info] Thread saw mini-batch with a maximum of 1.62% zero probability fragments
[2025-02-28 16:54:43.618] [jointLog] [info] Thread saw mini-batch with a maximum of 1.50% zero probability fragments
[2025-02-28 16:54:43.641] [jointLog] [info] Thread saw mini-batch with a maximum of 1.60% zero probability fragments
[2025-02-28 16:54:43.656] [jointLog] [info] Thread saw mini-batch with a maximum of 1.58% zero probability fragments
[2025-02-28 16:54:43.686] [jointLog] [info] Thread saw mini-batch with a maximum of 1.68% zero probability fragments
[2025-02-28 16:54:43.718] [jointLog] [info] Thread saw mini-batch with a maximum of 1.52% zero probability fragments
[2025-02-28 16:54:43.723] [jointLog] [info] Thread saw mini-batch with a maximum of 1.74% zero probability fragments
[2025-02-28 16:54:43.727] [jointLog] [info] Thread saw mini-batch with a maximum of 1.62% zero probability fragments
[2025-02-28 16:54:43.776] [jointLog] [info] Thread saw mini-batch with a maximum of 1.56% zero probability fragments
[2025-02-28 16:54:43.784] [jointLog] [info] Thread saw mini-batch with a maximum of 1.46% zero probability fragments
[2025-02-28 16:54:43.795] [jointLog] [info] Thread saw mini-batch with a maximum of 1.48% zero probability fragments
[2025-02-28 16:54:43.861] [jointLog] [info] Thread saw mini-batch with a maximum of 1.52% zero probability fragments
[2025-02-28 16:54:43.871] [jointLog] [info] Thread saw mini-batch with a maximum of 1.66% zero probability fragments
[2025-02-28 16:54:43.949] [jointLog] [info] Computed 204,169 rich equivalence classes for further processing
[2025-02-28 16:54:43.949] [jointLog] [info] Counted 7,698,869 total reads in the equivalence classes 
[2025-02-28 16:54:43.955] [jointLog] [warning] 6.954e-05% of fragments were shorter than the k used to build the index.
If this fraction is too large, consider re-building the index with a smaller k.
The minimum read size found was 21.


[2025-02-28 16:54:43.955] [jointLog] [info] Number of mappings discarded because of alignment score : 13,756,934
[2025-02-28 16:54:43.955] [jointLog] [info] Number of fragments entirely discarded because of alignment score : 3,453,071
[2025-02-28 16:54:43.955] [jointLog] [info] Number of fragments discarded because they are best-mapped to decoys : 3,269,996
[2025-02-28 16:54:43.955] [jointLog] [info] Number of fragments discarded because they have only dovetail (discordant) mappings to valid targets : 49,856
[2025-02-28 16:54:43.955] [jointLog] [info] Mapping rate = 29.7433%

[2025-02-28 16:54:43.955] [jointLog] [info] finished quantifyLibrary()
[2025-02-28 16:54:43.955] [jointLog] [info] Starting optimizer
[2025-02-28 16:54:43.991] [jointLog] [info] Marked 0 weighted equivalence classes as degenerate
[2025-02-28 16:54:43.995] [jointLog] [info] iteration = 0 | max rel diff. = 2348.33
[2025-02-28 16:54:44.036] [jointLog] [info] iteration 11, adjusting effective lengths to account for biases
[2025-02-28 16:54:43.950] [fileLog] [info] 
At end of round 0
==================
Observed 25884393 total fragments (25884393 in most recent round)

[2025-02-28 16:54:59.588] [jointLog] [info] Computed expected counts (for bias correction)
[2025-02-28 16:54:59.588] [jointLog] [info] processed bias for 0.0% of the transcripts
[2025-02-28 16:55:01.004] [jointLog] [info] processed bias for 10.0% of the transcripts
[2025-02-28 16:55:02.367] [jointLog] [info] processed bias for 20.0% of the transcripts
[2025-02-28 16:55:03.840] [jointLog] [info] processed bias for 30.0% of the transcripts
[2025-02-28 16:55:05.126] [jointLog] [info] processed bias for 40.0% of the transcripts
[2025-02-28 16:55:06.485] [jointLog] [info] processed bias for 50.0% of the transcripts
[2025-02-28 16:55:07.833] [jointLog] [info] processed bias for 60.0% of the transcripts
[2025-02-28 16:55:09.102] [jointLog] [info] processed bias for 70.0% of the transcripts
[2025-02-28 16:55:10.418] [jointLog] [info] processed bias for 80.0% of the transcripts
[2025-02-28 16:55:11.948] [jointLog] [info] processed bias for 90.0% of the transcripts
[2025-02-28 16:55:13.323] [jointLog] [info] processed bias for 100.0% of the transcripts
[2025-02-28 16:55:13.726] [jointLog] [info] iteration = 100 | max rel diff. = 18.4231
[2025-02-28 16:55:14.172] [jointLog] [info] iteration = 200 | max rel diff. = 8.27707
[2025-02-28 16:55:14.611] [jointLog] [info] iteration = 300 | max rel diff. = 2.50323
[2025-02-28 16:55:15.046] [jointLog] [info] iteration = 400 | max rel diff. = 0.1075
[2025-02-28 16:55:15.481] [jointLog] [info] iteration = 500 | max rel diff. = 0.212282
[2025-02-28 16:55:15.917] [jointLog] [info] iteration = 600 | max rel diff. = 0.181431
[2025-02-28 16:55:16.353] [jointLog] [info] iteration = 700 | max rel diff. = 0.170442
[2025-02-28 16:55:16.789] [jointLog] [info] iteration = 800 | max rel diff. = 1.88741
[2025-02-28 16:55:17.224] [jointLog] [info] iteration = 900 | max rel diff. = 0.0372413
[2025-02-28 16:55:17.667] [jointLog] [info] iteration = 1,000 | max rel diff. = 0.219128
[2025-02-28 16:55:17.966] [jointLog] [info] iteration = 1,070 | max rel diff. = 0.00987361
[2025-02-28 16:55:17.971] [jointLog] [info] Finished optimizer
[2025-02-28 16:55:17.971] [jointLog] [info] writing output 

